<?xml version="1.0" encoding="UTF-8"?>
<!-- Generated by org.testng.reporters.JUnitReportReporter -->
<testsuite hostname="DESKTOP-FKC5SNO" failures="0" tests="2" name="finarya_Tests.TC10_ListProduct" time="44.964" errors="0" timestamp="09 May 2022 09:59:19 GMT" skipped="0">
  <testcase classname="finarya_Tests.TC10_ListProduct" name="validLogin" time="1.910"/>
  <testcase classname="finarya_Tests.TC10_ListProduct" name="listproduct" time="43.054"/>
</testsuite> <!-- finarya_Tests.TC10_ListProduct -->
