<?xml version="1.0" encoding="UTF-8"?>
<!-- Generated by org.testng.reporters.JUnitReportReporter -->
<testsuite hostname="DESKTOP-FKC5SNO" failures="0" tests="2" name="finarya_Tests.TC15_ListUser" time="60.364" errors="0" timestamp="18 Apr 2022 05:50:34 GMT" skipped="0">
  <testcase classname="finarya_Tests.TC15_ListUser" name="validLogin" time="11.692"/>
  <testcase classname="finarya_Tests.TC15_ListUser" name="listusers" time="48.672"/>
</testsuite> <!-- finarya_Tests.TC15_ListUser -->
