<?xml version="1.0" encoding="UTF-8"?>
<!-- Generated by org.testng.reporters.JUnitReportReporter -->
<testsuite hostname="DESKTOP-FKC5SNO" failures="0" tests="2" name="finarya_Tests.TC05_ListDepartment" time="42.733" errors="0" timestamp="09 May 2022 09:52:34 GMT" skipped="0">
  <testcase classname="finarya_Tests.TC05_ListDepartment" name="validLogin" time="2.589"/>
  <testcase classname="finarya_Tests.TC05_ListDepartment" name="listdepartment" time="40.144"/>
</testsuite> <!-- finarya_Tests.TC05_ListDepartment -->
