<?xml version="1.0" encoding="UTF-8"?>
<!-- Generated by org.testng.reporters.JUnitReportReporter -->
<testsuite hostname="DESKTOP-FKC5SNO" failures="0" tests="3" name="finarya_Tests.TC02_CreateViewDepartment" time="50.809" errors="0" timestamp="09 May 2022 09:39:59 GMT" skipped="0">
  <testcase classname="finarya_Tests.TC02_CreateViewDepartment" name="validLogin" time="4.532"/>
  <testcase classname="finarya_Tests.TC02_CreateViewDepartment" name="createdepartment" time="40.896"/>
  <testcase classname="finarya_Tests.TC02_CreateViewDepartment" name="viewdepartment" time="5.381"/>
</testsuite> <!-- finarya_Tests.TC02_CreateViewDepartment -->
