<?xml version="1.0" encoding="UTF-8"?>
<!-- Generated by org.testng.reporters.JUnitReportReporter -->
<testsuite hostname="DESKTOP-FKC5SNO" failures="0" tests="6" name="finarya_Tests.TC27_CreateViewControl" time="250.861" errors="0" timestamp="26 Apr 2022 11:46:54 GMT" skipped="0">
  <testcase classname="finarya_Tests.TC27_CreateViewControl" name="validLogin" time="7.690"/>
  <testcase classname="finarya_Tests.TC27_CreateViewControl" name="createcontrolflow" time="10.650"/>
  <testcase classname="finarya_Tests.TC27_CreateViewControl" name="createcontrolmodule" time="125.095"/>
  <testcase classname="finarya_Tests.TC27_CreateViewControl" name="ownertab" time="10.077"/>
  <testcase classname="finarya_Tests.TC27_CreateViewControl" name="linkcontrol" time="61.675"/>
  <testcase classname="finarya_Tests.TC27_CreateViewControl" name="viewcontrol" time="35.674"/>
</testsuite> <!-- finarya_Tests.TC27_CreateViewControl -->
