<?xml version="1.0" encoding="UTF-8"?>
<!-- Generated by org.testng.reporters.JUnitReportReporter -->
<testsuite hostname="DESKTOP-FKC5SNO" failures="0" tests="3" name="finarya_Tests.TC72_CreateAuditorResponse" time="94.194" errors="0" timestamp="18 Apr 2022 07:27:31 GMT" skipped="0">
  <testcase classname="finarya_Tests.TC72_CreateAuditorResponse" name="LaunchBrowser" time="13.436"/>
  <testcase classname="finarya_Tests.TC72_CreateAuditorResponse" name="auditorlogincreadential" time="11.455"/>
  <testcase classname="finarya_Tests.TC72_CreateAuditorResponse" name="createauditeeresponse" time="69.303"/>
</testsuite> <!-- finarya_Tests.TC72_CreateAuditorResponse -->
