<?xml version="1.0" encoding="UTF-8"?>
<!-- Generated by org.testng.reporters.JUnitReportReporter -->
<testsuite hostname="DESKTOP-FKC5SNO" failures="0" tests="3" name="finarya_Tests.TC71_CreateAuditeeResponse" time="390.057" errors="0" timestamp="18 Apr 2022 07:20:44 GMT" skipped="0">
  <testcase classname="finarya_Tests.TC71_CreateAuditeeResponse" name="LaunchBrowser" time="48.014"/>
  <testcase classname="finarya_Tests.TC71_CreateAuditeeResponse" name="auditeelogincreadential" time="64.454"/>
  <testcase classname="finarya_Tests.TC71_CreateAuditeeResponse" name="createauditeeresponse" time="277.589"/>
</testsuite> <!-- finarya_Tests.TC71_CreateAuditeeResponse -->
