<?xml version="1.0" encoding="UTF-8"?>
<!-- Generated by org.testng.reporters.JUnitReportReporter -->
<testsuite hostname="DESKTOP-FKC5SNO" failures="0" tests="19" name="finarya_Tests.TC5_CreateUserLoginTest" time="518.179" errors="0" timestamp="14 Mar 2022 11:31:27 GMT" skipped="0">
  <testcase classname="finarya_Tests.TC5_CreateUserLoginTest" name="validLogin" time="4.969"/>
  <testcase classname="finarya_Tests.TC5_CreateUserLoginTest" name="profilemodule" time="0.774"/>
  <testcase classname="finarya_Tests.TC5_CreateUserLoginTest" name="adminmodule" time="7.371"/>
  <testcase classname="finarya_Tests.TC5_CreateUserLoginTest" name="loginusercreate" time="32.045"/>
  <testcase classname="finarya_Tests.TC5_CreateUserLoginTest" name="loginusercreate" time="30.770"/>
  <testcase classname="finarya_Tests.TC5_CreateUserLoginTest" name="loginusercreate" time="31.605"/>
  <testcase classname="finarya_Tests.TC5_CreateUserLoginTest" name="loginusercreate" time="30.683"/>
  <testcase classname="finarya_Tests.TC5_CreateUserLoginTest" name="loginusercreate" time="30.680"/>
  <testcase classname="finarya_Tests.TC5_CreateUserLoginTest" name="loginusercreate" time="30.683"/>
  <testcase classname="finarya_Tests.TC5_CreateUserLoginTest" name="loginusercreate" time="31.905"/>
  <testcase classname="finarya_Tests.TC5_CreateUserLoginTest" name="loginusercreate" time="30.656"/>
  <testcase classname="finarya_Tests.TC5_CreateUserLoginTest" name="loginusercreate" time="32.255"/>
  <testcase classname="finarya_Tests.TC5_CreateUserLoginTest" name="loginusercreate" time="32.893"/>
  <testcase classname="finarya_Tests.TC5_CreateUserLoginTest" name="loginusercreate" time="31.257"/>
  <testcase classname="finarya_Tests.TC5_CreateUserLoginTest" name="loginusercreate" time="32.741"/>
  <testcase classname="finarya_Tests.TC5_CreateUserLoginTest" name="loginusercreate" time="30.877"/>
  <testcase classname="finarya_Tests.TC5_CreateUserLoginTest" name="loginusercreate" time="30.682"/>
  <testcase classname="finarya_Tests.TC5_CreateUserLoginTest" name="loginusercreate" time="31.917"/>
  <testcase classname="finarya_Tests.TC5_CreateUserLoginTest" name="loginusercreate" time="33.416"/>
</testsuite> <!-- finarya_Tests.TC5_CreateUserLoginTest -->
