<?xml version="1.0" encoding="UTF-8"?>
<!-- Generated by org.testng.reporters.JUnitReportReporter -->
<testsuite hostname="DESKTOP-FKC5SNO" failures="0" tests="9" name="finarya_Tests.TC17_CreateViewProcess" time="279.538" errors="0" timestamp="25 Apr 2022 06:43:33 GMT" skipped="0">
  <testcase classname="finarya_Tests.TC17_CreateViewProcess" name="validLogin" time="32.364"/>
  <testcase classname="finarya_Tests.TC17_CreateViewProcess" name="createprocess" time="62.811"/>
  <testcase classname="finarya_Tests.TC17_CreateViewProcess" name="ownertab" time="30.348"/>
  <testcase classname="finarya_Tests.TC17_CreateViewProcess" name="linkprocess" time="69.494"/>
  <testcase classname="finarya_Tests.TC17_CreateViewProcess" name="processflowdiagram" time="10.846"/>
  <testcase classname="finarya_Tests.TC17_CreateViewProcess" name="sop" time="15.540"/>
  <testcase classname="finarya_Tests.TC17_CreateViewProcess" name="internalexternalcircular" time="17.979"/>
  <testcase classname="finarya_Tests.TC17_CreateViewProcess" name="submitbutton" time="9.071"/>
  <testcase classname="finarya_Tests.TC17_CreateViewProcess" name="viewprocess" time="31.085"/>
</testsuite> <!-- finarya_Tests.TC17_CreateViewProcess -->
