<?xml version="1.0" encoding="UTF-8"?>
<!-- Generated by org.testng.reporters.JUnitReportReporter -->
<testsuite hostname="DESKTOP-FKC5SNO" failures="0" tests="3" name="finarya_Tests.TC2_CreateViewDepartment" time="57.040" errors="0" timestamp="17 Mar 2022 11:12:12 GMT" skipped="0">
  <testcase classname="finarya_Tests.TC2_CreateViewDepartment" name="validLogin" time="6.416"/>
  <testcase classname="finarya_Tests.TC2_CreateViewDepartment" name="createdepartment" time="44.881"/>
  <testcase classname="finarya_Tests.TC2_CreateViewDepartment" name="viewdepartment" time="5.743"/>
</testsuite> <!-- finarya_Tests.TC2_CreateViewDepartment -->
