<?xml version="1.0" encoding="UTF-8"?>
<!-- Generated by org.testng.reporters.JUnitReportReporter -->
<testsuite hostname="DESKTOP-FKC5SNO" failures="0" tests="2" name="finarya_Tests.TC32_CreateViewAudit" time="163.222" errors="0" timestamp="09 May 2022 10:09:53 GMT" skipped="0">
  <testcase classname="finarya_Tests.TC32_CreateViewAudit" name="validLogin" time="4.461"/>
  <testcase classname="finarya_Tests.TC32_CreateViewAudit" name="createaudit" time="158.761"/>
</testsuite> <!-- finarya_Tests.TC32_CreateViewAudit -->
