<?xml version="1.0" encoding="UTF-8"?>
<!-- Generated by org.testng.reporters.JUnitReportReporter -->
<testsuite hostname="DESKTOP-FKC5SNO" failures="0" tests="3" name="finarya_Tests.TC09_DeleteProduct" time="17.821" errors="0" timestamp="09 May 2022 09:57:32 GMT" skipped="0">
  <testcase classname="finarya_Tests.TC09_DeleteProduct" name="validLogin" time="2.153"/>
  <testcase classname="finarya_Tests.TC09_DeleteProduct" name="productlist" time="2.679"/>
  <testcase classname="finarya_Tests.TC09_DeleteProduct" name="deleteproduct" time="12.989"/>
</testsuite> <!-- finarya_Tests.TC09_DeleteProduct -->
