<?xml version="1.0" encoding="UTF-8"?>
<!-- Generated by org.testng.reporters.JUnitReportReporter -->
<testsuite hostname="DESKTOP-FKC5SNO" failures="0" tests="4" name="finarya_Tests.TC2_CreateDepartment" time="480.595" errors="0" timestamp="26 Feb 2022 13:43:29 GMT" skipped="0">
  <testcase classname="finarya_Tests.TC2_CreateDepartment" name="ValidLogin" time="211.210"/>
  <testcase classname="finarya_Tests.TC2_CreateDepartment" name="Creadmini" time="1.038"/>
  <testcase classname="finarya_Tests.TC2_CreateDepartment" name="Admini" time="265.006"/>
  <testcase classname="finarya_Tests.TC2_CreateDepartment" name="Department" time="3.341"/>
</testsuite> <!-- finarya_Tests.TC2_CreateDepartment -->
