<?xml version="1.0" encoding="UTF-8"?>
<!-- Generated by org.testng.reporters.JUnitReportReporter -->
<testsuite hostname="DESKTOP-FKC5SNO" failures="0" tests="2" name="finarya_Tests.TC39_ListIssue" time="94.773" errors="0" timestamp="18 Apr 2022 08:57:09 GMT" skipped="0">
  <testcase classname="finarya_Tests.TC39_ListIssue" name="validLogin" time="15.542"/>
  <testcase classname="finarya_Tests.TC39_ListIssue" name="listIssue" time="79.231"/>
</testsuite> <!-- finarya_Tests.TC39_ListIssue -->
