<?xml version="1.0" encoding="UTF-8"?>
<!-- Generated by org.testng.reporters.JUnitReportReporter -->
<testsuite hostname="DESKTOP-FKC5SNO" failures="0" tests="4" name="finarya_Tests.TC12_CreateViewUser" time="31.953" errors="0" timestamp="09 May 2022 10:01:09 GMT" skipped="0">
  <testcase classname="finarya_Tests.TC12_CreateViewUser" name="validLogin" time="2.437"/>
  <testcase classname="finarya_Tests.TC12_CreateViewUser" name="createuserlist" time="3.141"/>
  <testcase classname="finarya_Tests.TC12_CreateViewUser" name="loginusercreate" time="24.594"/>
  <testcase classname="finarya_Tests.TC12_CreateViewUser" name="assignrole" time="1.781"/>
</testsuite> <!-- finarya_Tests.TC12_CreateViewUser -->
