<?xml version="1.0" encoding="UTF-8"?>
<!-- Generated by org.testng.reporters.JUnitReportReporter -->
<testsuite hostname="DESKTOP-FKC5SNO" failures="0" tests="3" name="finarya_Tests.TC03_UpdateViewDepartment" time="65.141" errors="0" timestamp="09 May 2022 09:43:53 GMT" skipped="0">
  <testcase classname="finarya_Tests.TC03_UpdateViewDepartment" name="validLogin" time="3.252"/>
  <testcase classname="finarya_Tests.TC03_UpdateViewDepartment" name="update" time="57.008"/>
  <testcase classname="finarya_Tests.TC03_UpdateViewDepartment" name="viewupdate" time="4.881"/>
</testsuite> <!-- finarya_Tests.TC03_UpdateViewDepartment -->
