<?xml version="1.0" encoding="UTF-8"?>
<!-- Generated by org.testng.reporters.JUnitReportReporter -->
<testsuite hostname="DESKTOP-FKC5SNO" failures="0" tests="1" name="finarya_Tests.TC1_Login_And_LandingPage" time="35.760" errors="0" timestamp="16 Mar 2022 07:19:54 GMT" skipped="0">
  <testcase classname="finarya_Tests.TC1_Login_And_LandingPage" name="validLogin" time="35.760"/>
</testsuite> <!-- finarya_Tests.TC1_Login_And_LandingPage -->
