<?xml version="1.0" encoding="UTF-8"?>
<!-- Generated by org.testng.reporters.JUnitReportReporter -->
<testsuite hostname="DESKTOP-FKC5SNO" failures="0" tests="1" name="finarya_Tests.TC01_LoginAndLanding" time="7.741" errors="0" timestamp="09 May 2022 09:11:41 GMT" skipped="0">
  <testcase classname="finarya_Tests.TC01_LoginAndLanding" name="validLogin" time="7.741"/>
</testsuite> <!-- finarya_Tests.TC01_LoginAndLanding -->
