<?xml version="1.0" encoding="UTF-8"?>
<!-- Generated by org.testng.reporters.JUnitReportReporter -->
<testsuite hostname="DESKTOP-FKC5SNO" failures="0" tests="5" name="finarya_Tests.TC28_UpdateViewControl" time="221.146" errors="0" timestamp="26 Apr 2022 11:09:19 GMT" skipped="0">
  <testcase classname="finarya_Tests.TC28_UpdateViewControl" name="validLogin" time="4.123"/>
  <testcase classname="finarya_Tests.TC28_UpdateViewControl" name="updateflow" time="26.599"/>
  <testcase classname="finarya_Tests.TC28_UpdateViewControl" name="updatecontrolmodule" time="17.846"/>
  <testcase classname="finarya_Tests.TC28_UpdateViewControl" name="linkcontrol" time="135.242"/>
  <testcase classname="finarya_Tests.TC28_UpdateViewControl" name="view" time="37.336"/>
</testsuite> <!-- finarya_Tests.TC28_UpdateViewControl -->
