<?xml version="1.0" encoding="UTF-8"?>
<!-- Generated by org.testng.reporters.JUnitReportReporter -->
<testsuite hostname="DESKTOP-FKC5SNO" failures="0" tests="2" name="finarya_Tests.TC04_DeleteDepartment" time="25.972" errors="0" timestamp="09 May 2022 09:50:56 GMT" skipped="0">
  <testcase classname="finarya_Tests.TC04_DeleteDepartment" name="validLogin" time="2.776"/>
  <testcase classname="finarya_Tests.TC04_DeleteDepartment" name="deletedepartment" time="23.196"/>
</testsuite> <!-- finarya_Tests.TC04_DeleteDepartment -->
