<?xml version="1.0" encoding="UTF-8"?>
<!-- Generated by org.testng.reporters.JUnitReportReporter -->
<testsuite hostname="DESKTOP-FKC5SNO" failures="0" tests="2" name="finarya_Tests.TC30_ListControl" time="110.417" errors="0" timestamp="16 Apr 2022 07:22:56 GMT" skipped="0">
  <testcase classname="finarya_Tests.TC30_ListControl" name="validLogin" time="20.663"/>
  <testcase classname="finarya_Tests.TC30_ListControl" name="listcontrol" time="89.754"/>
</testsuite> <!-- finarya_Tests.TC30_ListControl -->
