<?xml version="1.0" encoding="UTF-8"?>
<!-- Generated by org.testng.reporters.JUnitReportReporter -->
<testsuite hostname="DESKTOP-FKC5SNO" failures="0" tests="2" name="finarya_Tests.TC25_ListRisk" time="53.187" errors="0" timestamp="16 Apr 2022 08:40:00 GMT" skipped="0">
  <testcase classname="finarya_Tests.TC25_ListRisk" name="validLogin" time="4.318"/>
  <testcase classname="finarya_Tests.TC25_ListRisk" name="listrisk" time="48.869"/>
</testsuite> <!-- finarya_Tests.TC25_ListRisk -->
