<?xml version="1.0" encoding="UTF-8"?>
<!-- Generated by org.testng.reporters.JUnitReportReporter -->
<testsuite hostname="DESKTOP-FKC5SNO" failures="0" tests="1" name="finarya_Tests.TestBase" time="21.719" errors="0" timestamp="21 Feb 2022 07:47:12 GMT">
  <testcase classname="finarya_Tests.TestBase" name="ValidLogin" time="21.719"/>
</testsuite> <!-- finarya_Tests.TestBase -->
