<?xml version="1.0" encoding="UTF-8"?>
<!-- Generated by org.testng.reporters.JUnitReportReporter -->
<testsuite hostname="DESKTOP-FKC5SNO" failures="0" tests="2" name="finarya_Tests.TC14_DeleteUser" time="53.401" errors="0" timestamp="09 May 2022 08:55:26 GMT" skipped="0">
  <testcase classname="finarya_Tests.TC14_DeleteUser" name="validLogin" time="5.783"/>
  <testcase classname="finarya_Tests.TC14_DeleteUser" name="deleteuserlist" time="47.618"/>
</testsuite> <!-- finarya_Tests.TC14_DeleteUser -->
