<?xml version="1.0" encoding="UTF-8"?>
<!-- Generated by org.testng.reporters.JUnitReportReporter -->
<testsuite hostname="DESKTOP-FKC5SNO" failures="0" tests="2" name="finarya_Tests.TC20_ListProcess" time="77.635" errors="0" timestamp="16 Apr 2022 05:29:55 GMT" skipped="0">
  <testcase classname="finarya_Tests.TC20_ListProcess" name="validLogin" time="4.586"/>
  <testcase classname="finarya_Tests.TC20_ListProcess" name="listproduct" time="73.049"/>
</testsuite> <!-- finarya_Tests.TC20_ListProcess -->
