<?xml version="1.0" encoding="UTF-8"?>
<!-- Generated by org.testng.reporters.JUnitReportReporter -->
<testsuite hostname="DESKTOP-FKC5SNO" failures="0" tests="2" name="finarya_Tests.TC36_AuditeeWorkbench" time="75.799" errors="0" timestamp="09 May 2022 10:13:21 GMT" skipped="0">
  <testcase classname="finarya_Tests.TC36_AuditeeWorkbench" name="validLogin" time="4.902"/>
  <testcase classname="finarya_Tests.TC36_AuditeeWorkbench" name="auditeeworkbench" time="70.897"/>
</testsuite> <!-- finarya_Tests.TC36_AuditeeWorkbench -->
