<?xml version="1.0" encoding="UTF-8"?>
<!-- Generated by org.testng.reporters.JUnitReportReporter -->
<testsuite hostname="DESKTOP-FKC5SNO" failures="0" tests="5" name="finarya_Tests.TC5_LoginTest" time="283.530" errors="0" timestamp="06 Mar 2022 10:56:46 GMT" skipped="0">
  <testcase classname="finarya_Tests.TC5_LoginTest" name="ValidLogin" time="61.182"/>
  <testcase classname="finarya_Tests.TC5_LoginTest" name="profilemodule" time="1.017"/>
  <testcase classname="finarya_Tests.TC5_LoginTest" name="adminmodule" time="39.025"/>
  <testcase classname="finarya_Tests.TC5_LoginTest" name="Department" time="65.302"/>
  <testcase classname="finarya_Tests.TC5_LoginTest" name="Department" time="117.004"/>
</testsuite> <!-- finarya_Tests.TC5_LoginTest -->
