<?xml version="1.0" encoding="UTF-8"?>
<!-- Generated by org.testng.reporters.JUnitReportReporter -->
<testsuite hostname="DESKTOP-FKC5SNO" failures="0" tests="293" name="finarya_Tests.TC_LoginNoOfUser" time="14683.962" errors="1" timestamp="15 Mar 2022 19:28:03 GMT" skipped="0">
  <testcase classname="finarya_Tests.TC_LoginNoOfUser" name="loginfromexcel" time="80.617"/>
  <testcase classname="finarya_Tests.TC_LoginNoOfUser" name="loginfromexcel" time="126.915"/>
  <testcase classname="finarya_Tests.TC_LoginNoOfUser" name="loginfromexcel" time="39.259"/>
  <testcase classname="finarya_Tests.TC_LoginNoOfUser" name="loginfromexcel" time="28.071"/>
  <testcase classname="finarya_Tests.TC_LoginNoOfUser" name="loginfromexcel" time="35.284"/>
  <testcase classname="finarya_Tests.TC_LoginNoOfUser" name="loginfromexcel" time="28.289"/>
  <testcase classname="finarya_Tests.TC_LoginNoOfUser" name="loginfromexcel" time="24.383"/>
  <testcase classname="finarya_Tests.TC_LoginNoOfUser" name="loginfromexcel" time="31.096"/>
  <testcase classname="finarya_Tests.TC_LoginNoOfUser" name="loginfromexcel" time="284.552"/>
  <testcase classname="finarya_Tests.TC_LoginNoOfUser" name="loginfromexcel" time="29.653"/>
  <testcase classname="finarya_Tests.TC_LoginNoOfUser" name="loginfromexcel" time="56.061"/>
  <testcase classname="finarya_Tests.TC_LoginNoOfUser" name="loginfromexcel" time="32.089"/>
  <testcase classname="finarya_Tests.TC_LoginNoOfUser" name="loginfromexcel" time="69.402"/>
  <testcase classname="finarya_Tests.TC_LoginNoOfUser" name="loginfromexcel" time="44.318"/>
  <testcase classname="finarya_Tests.TC_LoginNoOfUser" name="loginfromexcel" time="102.093"/>
  <testcase classname="finarya_Tests.TC_LoginNoOfUser" name="loginfromexcel" time="28.537"/>
  <testcase classname="finarya_Tests.TC_LoginNoOfUser" name="loginfromexcel" time="46.017"/>
  <testcase classname="finarya_Tests.TC_LoginNoOfUser" name="loginfromexcel" time="71.146"/>
  <testcase classname="finarya_Tests.TC_LoginNoOfUser" name="loginfromexcel" time="64.960"/>
  <testcase classname="finarya_Tests.TC_LoginNoOfUser" name="loginfromexcel" time="37.495"/>
  <testcase classname="finarya_Tests.TC_LoginNoOfUser" name="loginfromexcel" time="23.855"/>
  <testcase classname="finarya_Tests.TC_LoginNoOfUser" name="loginfromexcel" time="36.725"/>
  <testcase classname="finarya_Tests.TC_LoginNoOfUser" name="loginfromexcel" time="28.924"/>
  <testcase classname="finarya_Tests.TC_LoginNoOfUser" name="loginfromexcel" time="30.027"/>
  <testcase classname="finarya_Tests.TC_LoginNoOfUser" name="loginfromexcel" time="24.059"/>
  <testcase classname="finarya_Tests.TC_LoginNoOfUser" name="loginfromexcel" time="73.557"/>
  <testcase classname="finarya_Tests.TC_LoginNoOfUser" name="loginfromexcel" time="55.389"/>
  <testcase classname="finarya_Tests.TC_LoginNoOfUser" name="loginfromexcel" time="35.993"/>
  <testcase classname="finarya_Tests.TC_LoginNoOfUser" name="loginfromexcel" time="63.250"/>
  <testcase classname="finarya_Tests.TC_LoginNoOfUser" name="loginfromexcel" time="35.326"/>
  <testcase classname="finarya_Tests.TC_LoginNoOfUser" name="loginfromexcel" time="33.532"/>
  <testcase classname="finarya_Tests.TC_LoginNoOfUser" name="loginfromexcel" time="39.316"/>
  <testcase classname="finarya_Tests.TC_LoginNoOfUser" name="loginfromexcel" time="45.569"/>
  <testcase classname="finarya_Tests.TC_LoginNoOfUser" name="loginfromexcel" time="49.344"/>
  <testcase classname="finarya_Tests.TC_LoginNoOfUser" name="loginfromexcel" time="25.105"/>
  <testcase classname="finarya_Tests.TC_LoginNoOfUser" name="loginfromexcel" time="37.316"/>
  <testcase classname="finarya_Tests.TC_LoginNoOfUser" name="loginfromexcel" time="84.136"/>
  <testcase classname="finarya_Tests.TC_LoginNoOfUser" name="loginfromexcel" time="27.646"/>
  <testcase classname="finarya_Tests.TC_LoginNoOfUser" name="loginfromexcel" time="63.373"/>
  <testcase classname="finarya_Tests.TC_LoginNoOfUser" name="loginfromexcel" time="28.251"/>
  <testcase classname="finarya_Tests.TC_LoginNoOfUser" name="loginfromexcel" time="52.100"/>
  <testcase classname="finarya_Tests.TC_LoginNoOfUser" name="loginfromexcel" time="28.719"/>
  <testcase classname="finarya_Tests.TC_LoginNoOfUser" name="loginfromexcel" time="29.936"/>
  <testcase classname="finarya_Tests.TC_LoginNoOfUser" name="loginfromexcel" time="48.163"/>
  <testcase classname="finarya_Tests.TC_LoginNoOfUser" name="loginfromexcel" time="30.382"/>
  <testcase classname="finarya_Tests.TC_LoginNoOfUser" name="loginfromexcel" time="95.006"/>
  <testcase classname="finarya_Tests.TC_LoginNoOfUser" name="loginfromexcel" time="78.521"/>
  <testcase classname="finarya_Tests.TC_LoginNoOfUser" name="loginfromexcel" time="50.477"/>
  <testcase classname="finarya_Tests.TC_LoginNoOfUser" name="loginfromexcel" time="39.567"/>
  <testcase classname="finarya_Tests.TC_LoginNoOfUser" name="loginfromexcel" time="36.485"/>
  <testcase classname="finarya_Tests.TC_LoginNoOfUser" name="loginfromexcel" time="51.923"/>
  <testcase classname="finarya_Tests.TC_LoginNoOfUser" name="loginfromexcel" time="31.746"/>
  <testcase classname="finarya_Tests.TC_LoginNoOfUser" name="loginfromexcel" time="31.094"/>
  <testcase classname="finarya_Tests.TC_LoginNoOfUser" name="loginfromexcel" time="37.697"/>
  <testcase classname="finarya_Tests.TC_LoginNoOfUser" name="loginfromexcel" time="40.258"/>
  <testcase classname="finarya_Tests.TC_LoginNoOfUser" name="loginfromexcel" time="26.059"/>
  <testcase classname="finarya_Tests.TC_LoginNoOfUser" name="loginfromexcel" time="31.753"/>
  <testcase classname="finarya_Tests.TC_LoginNoOfUser" name="loginfromexcel" time="30.719"/>
  <testcase classname="finarya_Tests.TC_LoginNoOfUser" name="loginfromexcel" time="42.582"/>
  <testcase classname="finarya_Tests.TC_LoginNoOfUser" name="loginfromexcel" time="33.016"/>
  <testcase classname="finarya_Tests.TC_LoginNoOfUser" name="loginfromexcel" time="48.659"/>
  <testcase classname="finarya_Tests.TC_LoginNoOfUser" name="loginfromexcel" time="62.454"/>
  <testcase classname="finarya_Tests.TC_LoginNoOfUser" name="loginfromexcel" time="31.796"/>
  <testcase classname="finarya_Tests.TC_LoginNoOfUser" name="loginfromexcel" time="34.414"/>
  <testcase classname="finarya_Tests.TC_LoginNoOfUser" name="loginfromexcel" time="48.331"/>
  <testcase classname="finarya_Tests.TC_LoginNoOfUser" name="loginfromexcel" time="54.959"/>
  <testcase classname="finarya_Tests.TC_LoginNoOfUser" name="loginfromexcel" time="56.223"/>
  <testcase classname="finarya_Tests.TC_LoginNoOfUser" name="loginfromexcel" time="24.387"/>
  <testcase classname="finarya_Tests.TC_LoginNoOfUser" name="loginfromexcel" time="35.955"/>
  <testcase classname="finarya_Tests.TC_LoginNoOfUser" name="loginfromexcel" time="51.669"/>
  <testcase classname="finarya_Tests.TC_LoginNoOfUser" name="loginfromexcel" time="94.142"/>
  <testcase classname="finarya_Tests.TC_LoginNoOfUser" name="loginfromexcel" time="18.264"/>
  <testcase classname="finarya_Tests.TC_LoginNoOfUser" name="loginfromexcel" time="42.448"/>
  <testcase classname="finarya_Tests.TC_LoginNoOfUser" name="loginfromexcel" time="45.792"/>
  <testcase classname="finarya_Tests.TC_LoginNoOfUser" name="loginfromexcel" time="37.626"/>
  <testcase classname="finarya_Tests.TC_LoginNoOfUser" name="loginfromexcel" time="46.056"/>
  <testcase classname="finarya_Tests.TC_LoginNoOfUser" name="loginfromexcel" time="50.647"/>
  <testcase classname="finarya_Tests.TC_LoginNoOfUser" name="loginfromexcel" time="62.303"/>
  <testcase classname="finarya_Tests.TC_LoginNoOfUser" name="loginfromexcel" time="87.118"/>
  <testcase classname="finarya_Tests.TC_LoginNoOfUser" name="loginfromexcel" time="70.090"/>
  <testcase classname="finarya_Tests.TC_LoginNoOfUser" name="loginfromexcel" time="37.345"/>
  <testcase classname="finarya_Tests.TC_LoginNoOfUser" name="loginfromexcel" time="21.647"/>
  <testcase classname="finarya_Tests.TC_LoginNoOfUser" name="loginfromexcel" time="31.595"/>
  <testcase classname="finarya_Tests.TC_LoginNoOfUser" name="loginfromexcel" time="26.201"/>
  <testcase classname="finarya_Tests.TC_LoginNoOfUser" name="loginfromexcel" time="31.350"/>
  <testcase classname="finarya_Tests.TC_LoginNoOfUser" name="loginfromexcel" time="58.278"/>
  <testcase classname="finarya_Tests.TC_LoginNoOfUser" name="loginfromexcel" time="33.251"/>
  <testcase classname="finarya_Tests.TC_LoginNoOfUser" name="loginfromexcel" time="33.152"/>
  <testcase classname="finarya_Tests.TC_LoginNoOfUser" name="loginfromexcel" time="48.127"/>
  <testcase classname="finarya_Tests.TC_LoginNoOfUser" name="loginfromexcel" time="28.456"/>
  <testcase classname="finarya_Tests.TC_LoginNoOfUser" name="loginfromexcel" time="43.659"/>
  <testcase classname="finarya_Tests.TC_LoginNoOfUser" name="loginfromexcel" time="86.226"/>
  <testcase classname="finarya_Tests.TC_LoginNoOfUser" name="loginfromexcel" time="34.228"/>
  <testcase classname="finarya_Tests.TC_LoginNoOfUser" name="loginfromexcel" time="40.936"/>
  <testcase classname="finarya_Tests.TC_LoginNoOfUser" name="loginfromexcel" time="32.637"/>
  <testcase classname="finarya_Tests.TC_LoginNoOfUser" name="loginfromexcel" time="37.583"/>
  <testcase classname="finarya_Tests.TC_LoginNoOfUser" name="loginfromexcel" time="29.130"/>
  <testcase classname="finarya_Tests.TC_LoginNoOfUser" name="loginfromexcel" time="30.926"/>
  <testcase classname="finarya_Tests.TC_LoginNoOfUser" name="loginfromexcel" time="34.071"/>
  <testcase classname="finarya_Tests.TC_LoginNoOfUser" name="loginfromexcel" time="54.638"/>
  <testcase classname="finarya_Tests.TC_LoginNoOfUser" name="loginfromexcel" time="71.143"/>
  <testcase classname="finarya_Tests.TC_LoginNoOfUser" name="loginfromexcel" time="32.479"/>
  <testcase classname="finarya_Tests.TC_LoginNoOfUser" name="loginfromexcel" time="122.968"/>
  <testcase classname="finarya_Tests.TC_LoginNoOfUser" name="loginfromexcel" time="38.871"/>
  <testcase classname="finarya_Tests.TC_LoginNoOfUser" name="loginfromexcel" time="79.853"/>
  <testcase classname="finarya_Tests.TC_LoginNoOfUser" name="loginfromexcel" time="87.149"/>
  <testcase classname="finarya_Tests.TC_LoginNoOfUser" name="loginfromexcel" time="29.238"/>
  <testcase classname="finarya_Tests.TC_LoginNoOfUser" name="loginfromexcel" time="37.395"/>
  <testcase classname="finarya_Tests.TC_LoginNoOfUser" name="loginfromexcel" time="35.519"/>
  <testcase classname="finarya_Tests.TC_LoginNoOfUser" name="loginfromexcel" time="94.724"/>
  <testcase classname="finarya_Tests.TC_LoginNoOfUser" name="loginfromexcel" time="50.113"/>
  <testcase classname="finarya_Tests.TC_LoginNoOfUser" name="loginfromexcel" time="79.934"/>
  <testcase classname="finarya_Tests.TC_LoginNoOfUser" name="loginfromexcel" time="43.150"/>
  <testcase classname="finarya_Tests.TC_LoginNoOfUser" name="loginfromexcel" time="213.064"/>
  <testcase classname="finarya_Tests.TC_LoginNoOfUser" name="loginfromexcel" time="53.106"/>
  <testcase classname="finarya_Tests.TC_LoginNoOfUser" name="loginfromexcel" time="49.222"/>
  <testcase classname="finarya_Tests.TC_LoginNoOfUser" name="loginfromexcel" time="54.015"/>
  <testcase classname="finarya_Tests.TC_LoginNoOfUser" name="loginfromexcel" time="64.512"/>
  <testcase classname="finarya_Tests.TC_LoginNoOfUser" name="loginfromexcel" time="85.039"/>
  <testcase classname="finarya_Tests.TC_LoginNoOfUser" name="loginfromexcel" time="76.013"/>
  <testcase classname="finarya_Tests.TC_LoginNoOfUser" name="loginfromexcel" time="82.130">
    <error message="no such element: Unable to locate element: {&quot;method&quot;:&quot;xpath&quot;,&quot;selector&quot;:&quot;//*[@id=&#039;swal2-content&#039;]&quot;}
  (Session info: chrome=99.0.4844.51)
For documentation on this error, please visit: https://www.seleniumhq.org/exceptions/no_such_element.html
Build info: version: &#039;3.141.59&#039;, revision: &#039;e82be7d358&#039;, time: &#039;2018-11-14T08:17:03&#039;
System info: host: &#039;DESKTOP-FKC5SNO&#039;, ip: &#039;172.16.16.48&#039;, os.name: &#039;Windows 10&#039;, os.arch: &#039;amd64&#039;, os.version: &#039;10.0&#039;, java.version: &#039;11.0.13&#039;
Driver info: org.openqa.selenium.chrome.ChromeDriver
Capabilities {acceptInsecureCerts: false, browserName: chrome, browserVersion: 99.0.4844.51, chrome: {chromedriverVersion: 99.0.4844.51 (d537ec02474b5..., userDataDir: C:\Users\CSI-Dev\AppData\Lo...}, goog:chromeOptions: {debuggerAddress: localhost:59970}, javascriptEnabled: true, networkConnectionEnabled: false, pageLoadStrategy: normal, platform: WINDOWS, platformName: WINDOWS, proxy: Proxy(), setWindowRect: true, strictFileInteractability: false, timeouts: {implicit: 0, pageLoad: 300000, script: 30000}, unhandledPromptBehavior: dismiss and notify, webauthn:extension:credBlob: true, webauthn:extension:largeBlob: true, webauthn:virtualAuthenticators: true}
Session ID: 0e63d3cfaae000a1e0910a94d58eaf67
*** Element info: {Using=xpath, value=//*[@id=&#039;swal2-content&#039;]}" type="org.openqa.selenium.NoSuchElementException">
      <![CDATA[org.openqa.selenium.NoSuchElementException: no such element: Unable to locate element: {"method":"xpath","selector":"//*[@id='swal2-content']"}
  (Session info: chrome=99.0.4844.51)
For documentation on this error, please visit: https://www.seleniumhq.org/exceptions/no_such_element.html
Build info: version: '3.141.59', revision: 'e82be7d358', time: '2018-11-14T08:17:03'
System info: host: 'DESKTOP-FKC5SNO', ip: '172.16.16.48', os.name: 'Windows 10', os.arch: 'amd64', os.version: '10.0', java.version: '11.0.13'
Driver info: org.openqa.selenium.chrome.ChromeDriver
Capabilities {acceptInsecureCerts: false, browserName: chrome, browserVersion: 99.0.4844.51, chrome: {chromedriverVersion: 99.0.4844.51 (d537ec02474b5..., userDataDir: C:\Users\CSI-Dev\AppData\Lo...}, goog:chromeOptions: {debuggerAddress: localhost:59970}, javascriptEnabled: true, networkConnectionEnabled: false, pageLoadStrategy: normal, platform: WINDOWS, platformName: WINDOWS, proxy: Proxy(), setWindowRect: true, strictFileInteractability: false, timeouts: {implicit: 0, pageLoad: 300000, script: 30000}, unhandledPromptBehavior: dismiss and notify, webauthn:extension:credBlob: true, webauthn:extension:largeBlob: true, webauthn:virtualAuthenticators: true}
Session ID: 0e63d3cfaae000a1e0910a94d58eaf67
*** Element info: {Using=xpath, value=//*[@id='swal2-content']}
at java.base/jdk.internal.reflect.NativeConstructorAccessorImpl.newInstance0(Native Method)
at java.base/jdk.internal.reflect.NativeConstructorAccessorImpl.newInstance(NativeConstructorAccessorImpl.java:62)
at java.base/jdk.internal.reflect.DelegatingConstructorAccessorImpl.newInstance(DelegatingConstructorAccessorImpl.java:45)
at java.base/java.lang.reflect.Constructor.newInstance(Constructor.java:490)
at org.openqa.selenium.remote.http.W3CHttpResponseCodec.createException(W3CHttpResponseCodec.java:187)
at org.openqa.selenium.remote.http.W3CHttpResponseCodec.decode(W3CHttpResponseCodec.java:122)
at org.openqa.selenium.remote.http.W3CHttpResponseCodec.decode(W3CHttpResponseCodec.java:49)
at org.openqa.selenium.remote.HttpCommandExecutor.execute(HttpCommandExecutor.java:158)
at org.openqa.selenium.remote.service.DriverCommandExecutor.execute(DriverCommandExecutor.java:83)
at org.openqa.selenium.remote.RemoteWebDriver.execute(RemoteWebDriver.java:552)
at org.openqa.selenium.remote.RemoteWebDriver.findElement(RemoteWebDriver.java:323)
at org.openqa.selenium.remote.RemoteWebDriver.findElementByXPath(RemoteWebDriver.java:428)
at org.openqa.selenium.By$ByXPath.findElement(By.java:353)
at org.openqa.selenium.remote.RemoteWebDriver.findElement(RemoteWebDriver.java:315)
at org.openqa.selenium.support.pagefactory.DefaultElementLocator.findElement(DefaultElementLocator.java:69)
at org.openqa.selenium.support.pagefactory.internal.LocatingElementHandler.invoke(LocatingElementHandler.java:38)
at com.sun.proxy.$Proxy21.getText(Unknown Source)
at finarya_Pages.Finarya_LoginPage.loginvalidationmsg(Finarya_LoginPage.java:93)
at finarya_Pages.Finarya_LoginPage.loginsucsessfull(Finarya_LoginPage.java:73)
at finarya_Tests.TC_LoginNoOfUser.loginfromexcel(TC_LoginNoOfUser.java:19)
at jdk.internal.reflect.GeneratedMethodAccessor32.invoke(Unknown Source)
at java.base/jdk.internal.reflect.DelegatingMethodAccessorImpl.invoke(DelegatingMethodAccessorImpl.java:43)
at java.base/java.lang.reflect.Method.invoke(Method.java:566)
at org.testng.internal.MethodInvocationHelper.invokeMethod(MethodInvocationHelper.java:124)
at org.testng.internal.Invoker.invokeMethod(Invoker.java:583)
at org.testng.internal.Invoker.invokeTestMethod(Invoker.java:719)
at org.testng.internal.Invoker.invokeTestMethods(Invoker.java:989)
at org.testng.internal.TestMethodWorker.invokeTestMethods(TestMethodWorker.java:125)
at org.testng.internal.TestMethodWorker.run(TestMethodWorker.java:109)
at java.base/java.util.concurrent.ThreadPoolExecutor.runWorker(ThreadPoolExecutor.java:1128)
at java.base/java.util.concurrent.ThreadPoolExecutor$Worker.run(ThreadPoolExecutor.java:628)
at java.base/java.lang.Thread.run(Thread.java:834)
]]>
    </error>
  </testcase> <!-- loginfromexcel -->
  <testcase classname="finarya_Tests.TC_LoginNoOfUser" name="loginfromexcel" time="79.003"/>
  <testcase classname="finarya_Tests.TC_LoginNoOfUser" name="loginfromexcel" time="36.292"/>
  <testcase classname="finarya_Tests.TC_LoginNoOfUser" name="loginfromexcel" time="42.007"/>
  <testcase classname="finarya_Tests.TC_LoginNoOfUser" name="loginfromexcel" time="34.846"/>
  <testcase classname="finarya_Tests.TC_LoginNoOfUser" name="loginfromexcel" time="67.877"/>
  <testcase classname="finarya_Tests.TC_LoginNoOfUser" name="loginfromexcel" time="23.788"/>
  <testcase classname="finarya_Tests.TC_LoginNoOfUser" name="loginfromexcel" time="46.038"/>
  <testcase classname="finarya_Tests.TC_LoginNoOfUser" name="loginfromexcel" time="41.875"/>
  <testcase classname="finarya_Tests.TC_LoginNoOfUser" name="loginfromexcel" time="24.423"/>
  <testcase classname="finarya_Tests.TC_LoginNoOfUser" name="loginfromexcel" time="36.751"/>
  <testcase classname="finarya_Tests.TC_LoginNoOfUser" name="loginfromexcel" time="40.783"/>
  <testcase classname="finarya_Tests.TC_LoginNoOfUser" name="loginfromexcel" time="27.458"/>
  <testcase classname="finarya_Tests.TC_LoginNoOfUser" name="loginfromexcel" time="171.646"/>
  <testcase classname="finarya_Tests.TC_LoginNoOfUser" name="loginfromexcel" time="30.085"/>
  <testcase classname="finarya_Tests.TC_LoginNoOfUser" name="loginfromexcel" time="35.969"/>
  <testcase classname="finarya_Tests.TC_LoginNoOfUser" name="loginfromexcel" time="33.351"/>
  <testcase classname="finarya_Tests.TC_LoginNoOfUser" name="loginfromexcel" time="51.757"/>
  <testcase classname="finarya_Tests.TC_LoginNoOfUser" name="loginfromexcel" time="41.939"/>
  <testcase classname="finarya_Tests.TC_LoginNoOfUser" name="loginfromexcel" time="160.371"/>
  <testcase classname="finarya_Tests.TC_LoginNoOfUser" name="loginfromexcel" time="43.874"/>
  <testcase classname="finarya_Tests.TC_LoginNoOfUser" name="loginfromexcel" time="34.530"/>
  <testcase classname="finarya_Tests.TC_LoginNoOfUser" name="loginfromexcel" time="28.208"/>
  <testcase classname="finarya_Tests.TC_LoginNoOfUser" name="loginfromexcel" time="47.048"/>
  <testcase classname="finarya_Tests.TC_LoginNoOfUser" name="loginfromexcel" time="37.348"/>
  <testcase classname="finarya_Tests.TC_LoginNoOfUser" name="loginfromexcel" time="42.936"/>
  <testcase classname="finarya_Tests.TC_LoginNoOfUser" name="loginfromexcel" time="47.226"/>
  <testcase classname="finarya_Tests.TC_LoginNoOfUser" name="loginfromexcel" time="40.065"/>
  <testcase classname="finarya_Tests.TC_LoginNoOfUser" name="loginfromexcel" time="28.909"/>
  <testcase classname="finarya_Tests.TC_LoginNoOfUser" name="loginfromexcel" time="37.284"/>
  <testcase classname="finarya_Tests.TC_LoginNoOfUser" name="loginfromexcel" time="77.183"/>
  <testcase classname="finarya_Tests.TC_LoginNoOfUser" name="loginfromexcel" time="25.555"/>
  <testcase classname="finarya_Tests.TC_LoginNoOfUser" name="loginfromexcel" time="83.419"/>
  <testcase classname="finarya_Tests.TC_LoginNoOfUser" name="loginfromexcel" time="48.460"/>
  <testcase classname="finarya_Tests.TC_LoginNoOfUser" name="loginfromexcel" time="107.537"/>
  <testcase classname="finarya_Tests.TC_LoginNoOfUser" name="loginfromexcel" time="111.307"/>
  <testcase classname="finarya_Tests.TC_LoginNoOfUser" name="loginfromexcel" time="39.477"/>
  <testcase classname="finarya_Tests.TC_LoginNoOfUser" name="loginfromexcel" time="28.650"/>
  <testcase classname="finarya_Tests.TC_LoginNoOfUser" name="loginfromexcel" time="57.374"/>
  <testcase classname="finarya_Tests.TC_LoginNoOfUser" name="loginfromexcel" time="53.160"/>
  <testcase classname="finarya_Tests.TC_LoginNoOfUser" name="loginfromexcel" time="75.142"/>
  <testcase classname="finarya_Tests.TC_LoginNoOfUser" name="loginfromexcel" time="37.735"/>
  <testcase classname="finarya_Tests.TC_LoginNoOfUser" name="loginfromexcel" time="29.984"/>
  <testcase classname="finarya_Tests.TC_LoginNoOfUser" name="loginfromexcel" time="35.752"/>
  <testcase classname="finarya_Tests.TC_LoginNoOfUser" name="loginfromexcel" time="43.895"/>
  <testcase classname="finarya_Tests.TC_LoginNoOfUser" name="loginfromexcel" time="41.833"/>
  <testcase classname="finarya_Tests.TC_LoginNoOfUser" name="loginfromexcel" time="37.399"/>
  <testcase classname="finarya_Tests.TC_LoginNoOfUser" name="loginfromexcel" time="54.225"/>
  <testcase classname="finarya_Tests.TC_LoginNoOfUser" name="loginfromexcel" time="42.210"/>
  <testcase classname="finarya_Tests.TC_LoginNoOfUser" name="loginfromexcel" time="39.913"/>
  <testcase classname="finarya_Tests.TC_LoginNoOfUser" name="loginfromexcel" time="37.699"/>
  <testcase classname="finarya_Tests.TC_LoginNoOfUser" name="loginfromexcel" time="56.224"/>
  <testcase classname="finarya_Tests.TC_LoginNoOfUser" name="loginfromexcel" time="40.970"/>
  <testcase classname="finarya_Tests.TC_LoginNoOfUser" name="loginfromexcel" time="37.468"/>
  <testcase classname="finarya_Tests.TC_LoginNoOfUser" name="loginfromexcel" time="65.960"/>
  <testcase classname="finarya_Tests.TC_LoginNoOfUser" name="loginfromexcel" time="74.381"/>
  <testcase classname="finarya_Tests.TC_LoginNoOfUser" name="loginfromexcel" time="54.925"/>
  <testcase classname="finarya_Tests.TC_LoginNoOfUser" name="loginfromexcel" time="35.802"/>
  <testcase classname="finarya_Tests.TC_LoginNoOfUser" name="loginfromexcel" time="43.212"/>
  <testcase classname="finarya_Tests.TC_LoginNoOfUser" name="loginfromexcel" time="30.556"/>
  <testcase classname="finarya_Tests.TC_LoginNoOfUser" name="loginfromexcel" time="40.981"/>
  <testcase classname="finarya_Tests.TC_LoginNoOfUser" name="loginfromexcel" time="45.216"/>
  <testcase classname="finarya_Tests.TC_LoginNoOfUser" name="loginfromexcel" time="44.301"/>
  <testcase classname="finarya_Tests.TC_LoginNoOfUser" name="loginfromexcel" time="44.506"/>
  <testcase classname="finarya_Tests.TC_LoginNoOfUser" name="loginfromexcel" time="48.370"/>
  <testcase classname="finarya_Tests.TC_LoginNoOfUser" name="loginfromexcel" time="41.460"/>
  <testcase classname="finarya_Tests.TC_LoginNoOfUser" name="loginfromexcel" time="45.950"/>
  <testcase classname="finarya_Tests.TC_LoginNoOfUser" name="loginfromexcel" time="39.080"/>
  <testcase classname="finarya_Tests.TC_LoginNoOfUser" name="loginfromexcel" time="40.668"/>
  <testcase classname="finarya_Tests.TC_LoginNoOfUser" name="loginfromexcel" time="46.671"/>
  <testcase classname="finarya_Tests.TC_LoginNoOfUser" name="loginfromexcel" time="91.422"/>
  <testcase classname="finarya_Tests.TC_LoginNoOfUser" name="loginfromexcel" time="101.621"/>
  <testcase classname="finarya_Tests.TC_LoginNoOfUser" name="loginfromexcel" time="61.647"/>
  <testcase classname="finarya_Tests.TC_LoginNoOfUser" name="loginfromexcel" time="38.196"/>
  <testcase classname="finarya_Tests.TC_LoginNoOfUser" name="loginfromexcel" time="83.936"/>
  <testcase classname="finarya_Tests.TC_LoginNoOfUser" name="loginfromexcel" time="51.067"/>
  <testcase classname="finarya_Tests.TC_LoginNoOfUser" name="loginfromexcel" time="32.603"/>
  <testcase classname="finarya_Tests.TC_LoginNoOfUser" name="loginfromexcel" time="26.709"/>
  <testcase classname="finarya_Tests.TC_LoginNoOfUser" name="loginfromexcel" time="31.802"/>
  <testcase classname="finarya_Tests.TC_LoginNoOfUser" name="loginfromexcel" time="49.413"/>
  <testcase classname="finarya_Tests.TC_LoginNoOfUser" name="loginfromexcel" time="35.717"/>
  <testcase classname="finarya_Tests.TC_LoginNoOfUser" name="loginfromexcel" time="95.189"/>
  <testcase classname="finarya_Tests.TC_LoginNoOfUser" name="loginfromexcel" time="29.991"/>
  <testcase classname="finarya_Tests.TC_LoginNoOfUser" name="loginfromexcel" time="30.532"/>
  <testcase classname="finarya_Tests.TC_LoginNoOfUser" name="loginfromexcel" time="32.924"/>
  <testcase classname="finarya_Tests.TC_LoginNoOfUser" name="loginfromexcel" time="54.290"/>
  <testcase classname="finarya_Tests.TC_LoginNoOfUser" name="loginfromexcel" time="121.997"/>
  <testcase classname="finarya_Tests.TC_LoginNoOfUser" name="loginfromexcel" time="41.211"/>
  <testcase classname="finarya_Tests.TC_LoginNoOfUser" name="loginfromexcel" time="36.741"/>
  <testcase classname="finarya_Tests.TC_LoginNoOfUser" name="loginfromexcel" time="26.503"/>
  <testcase classname="finarya_Tests.TC_LoginNoOfUser" name="loginfromexcel" time="70.256"/>
  <testcase classname="finarya_Tests.TC_LoginNoOfUser" name="loginfromexcel" time="30.654"/>
  <testcase classname="finarya_Tests.TC_LoginNoOfUser" name="loginfromexcel" time="32.527"/>
  <testcase classname="finarya_Tests.TC_LoginNoOfUser" name="loginfromexcel" time="64.337"/>
  <testcase classname="finarya_Tests.TC_LoginNoOfUser" name="loginfromexcel" time="37.653"/>
  <testcase classname="finarya_Tests.TC_LoginNoOfUser" name="loginfromexcel" time="31.304"/>
  <testcase classname="finarya_Tests.TC_LoginNoOfUser" name="loginfromexcel" time="25.384"/>
  <testcase classname="finarya_Tests.TC_LoginNoOfUser" name="loginfromexcel" time="41.926"/>
  <testcase classname="finarya_Tests.TC_LoginNoOfUser" name="loginfromexcel" time="72.274"/>
  <testcase classname="finarya_Tests.TC_LoginNoOfUser" name="loginfromexcel" time="23.874"/>
  <testcase classname="finarya_Tests.TC_LoginNoOfUser" name="loginfromexcel" time="19.738"/>
  <testcase classname="finarya_Tests.TC_LoginNoOfUser" name="loginfromexcel" time="34.590"/>
  <testcase classname="finarya_Tests.TC_LoginNoOfUser" name="loginfromexcel" time="51.870"/>
  <testcase classname="finarya_Tests.TC_LoginNoOfUser" name="loginfromexcel" time="42.136"/>
  <testcase classname="finarya_Tests.TC_LoginNoOfUser" name="loginfromexcel" time="30.783"/>
  <testcase classname="finarya_Tests.TC_LoginNoOfUser" name="loginfromexcel" time="39.013"/>
  <testcase classname="finarya_Tests.TC_LoginNoOfUser" name="loginfromexcel" time="67.829"/>
  <testcase classname="finarya_Tests.TC_LoginNoOfUser" name="loginfromexcel" time="34.730"/>
  <testcase classname="finarya_Tests.TC_LoginNoOfUser" name="loginfromexcel" time="46.269"/>
  <testcase classname="finarya_Tests.TC_LoginNoOfUser" name="loginfromexcel" time="48.612"/>
  <testcase classname="finarya_Tests.TC_LoginNoOfUser" name="loginfromexcel" time="28.629"/>
  <testcase classname="finarya_Tests.TC_LoginNoOfUser" name="loginfromexcel" time="36.062"/>
  <testcase classname="finarya_Tests.TC_LoginNoOfUser" name="loginfromexcel" time="43.344"/>
  <testcase classname="finarya_Tests.TC_LoginNoOfUser" name="loginfromexcel" time="50.070"/>
  <testcase classname="finarya_Tests.TC_LoginNoOfUser" name="loginfromexcel" time="44.460"/>
  <testcase classname="finarya_Tests.TC_LoginNoOfUser" name="loginfromexcel" time="115.204"/>
  <testcase classname="finarya_Tests.TC_LoginNoOfUser" name="loginfromexcel" time="33.212"/>
  <testcase classname="finarya_Tests.TC_LoginNoOfUser" name="loginfromexcel" time="44.394"/>
  <testcase classname="finarya_Tests.TC_LoginNoOfUser" name="loginfromexcel" time="46.594"/>
  <testcase classname="finarya_Tests.TC_LoginNoOfUser" name="loginfromexcel" time="76.660"/>
  <testcase classname="finarya_Tests.TC_LoginNoOfUser" name="loginfromexcel" time="79.486"/>
  <testcase classname="finarya_Tests.TC_LoginNoOfUser" name="loginfromexcel" time="65.446"/>
  <testcase classname="finarya_Tests.TC_LoginNoOfUser" name="loginfromexcel" time="78.119"/>
  <testcase classname="finarya_Tests.TC_LoginNoOfUser" name="loginfromexcel" time="30.694"/>
  <testcase classname="finarya_Tests.TC_LoginNoOfUser" name="loginfromexcel" time="30.997"/>
  <testcase classname="finarya_Tests.TC_LoginNoOfUser" name="loginfromexcel" time="39.979"/>
  <testcase classname="finarya_Tests.TC_LoginNoOfUser" name="loginfromexcel" time="28.176"/>
  <testcase classname="finarya_Tests.TC_LoginNoOfUser" name="loginfromexcel" time="36.952"/>
  <testcase classname="finarya_Tests.TC_LoginNoOfUser" name="loginfromexcel" time="53.591"/>
  <testcase classname="finarya_Tests.TC_LoginNoOfUser" name="loginfromexcel" time="43.819"/>
  <testcase classname="finarya_Tests.TC_LoginNoOfUser" name="loginfromexcel" time="35.834"/>
  <testcase classname="finarya_Tests.TC_LoginNoOfUser" name="loginfromexcel" time="64.816"/>
  <testcase classname="finarya_Tests.TC_LoginNoOfUser" name="loginfromexcel" time="60.388"/>
  <testcase classname="finarya_Tests.TC_LoginNoOfUser" name="loginfromexcel" time="42.099"/>
  <testcase classname="finarya_Tests.TC_LoginNoOfUser" name="loginfromexcel" time="29.560"/>
  <testcase classname="finarya_Tests.TC_LoginNoOfUser" name="loginfromexcel" time="28.370"/>
  <testcase classname="finarya_Tests.TC_LoginNoOfUser" name="loginfromexcel" time="26.509"/>
  <testcase classname="finarya_Tests.TC_LoginNoOfUser" name="loginfromexcel" time="26.171"/>
  <testcase classname="finarya_Tests.TC_LoginNoOfUser" name="loginfromexcel" time="80.084"/>
  <testcase classname="finarya_Tests.TC_LoginNoOfUser" name="loginfromexcel" time="34.911"/>
  <testcase classname="finarya_Tests.TC_LoginNoOfUser" name="loginfromexcel" time="40.743"/>
  <testcase classname="finarya_Tests.TC_LoginNoOfUser" name="loginfromexcel" time="63.362"/>
  <testcase classname="finarya_Tests.TC_LoginNoOfUser" name="loginfromexcel" time="45.321"/>
  <testcase classname="finarya_Tests.TC_LoginNoOfUser" name="loginfromexcel" time="32.975"/>
  <testcase classname="finarya_Tests.TC_LoginNoOfUser" name="loginfromexcel" time="32.814"/>
  <testcase classname="finarya_Tests.TC_LoginNoOfUser" name="loginfromexcel" time="26.060"/>
  <testcase classname="finarya_Tests.TC_LoginNoOfUser" name="loginfromexcel" time="24.573"/>
  <testcase classname="finarya_Tests.TC_LoginNoOfUser" name="loginfromexcel" time="44.326"/>
  <testcase classname="finarya_Tests.TC_LoginNoOfUser" name="loginfromexcel" time="28.791"/>
  <testcase classname="finarya_Tests.TC_LoginNoOfUser" name="loginfromexcel" time="40.521"/>
  <testcase classname="finarya_Tests.TC_LoginNoOfUser" name="loginfromexcel" time="25.009"/>
  <testcase classname="finarya_Tests.TC_LoginNoOfUser" name="loginfromexcel" time="69.895"/>
  <testcase classname="finarya_Tests.TC_LoginNoOfUser" name="loginfromexcel" time="42.584"/>
  <testcase classname="finarya_Tests.TC_LoginNoOfUser" name="loginfromexcel" time="41.075"/>
  <testcase classname="finarya_Tests.TC_LoginNoOfUser" name="loginfromexcel" time="103.098"/>
  <testcase classname="finarya_Tests.TC_LoginNoOfUser" name="loginfromexcel" time="38.039"/>
  <testcase classname="finarya_Tests.TC_LoginNoOfUser" name="loginfromexcel" time="56.750"/>
  <testcase classname="finarya_Tests.TC_LoginNoOfUser" name="loginfromexcel" time="43.608"/>
  <testcase classname="finarya_Tests.TC_LoginNoOfUser" name="loginfromexcel" time="26.478"/>
  <testcase classname="finarya_Tests.TC_LoginNoOfUser" name="loginfromexcel" time="42.928"/>
  <testcase classname="finarya_Tests.TC_LoginNoOfUser" name="loginfromexcel" time="79.802"/>
  <testcase classname="finarya_Tests.TC_LoginNoOfUser" name="loginfromexcel" time="186.642"/>
  <testcase classname="finarya_Tests.TC_LoginNoOfUser" name="loginfromexcel" time="37.628"/>
  <testcase classname="finarya_Tests.TC_LoginNoOfUser" name="loginfromexcel" time="49.435"/>
  <testcase classname="finarya_Tests.TC_LoginNoOfUser" name="loginfromexcel" time="63.862"/>
  <testcase classname="finarya_Tests.TC_LoginNoOfUser" name="loginfromexcel" time="28.161"/>
  <testcase classname="finarya_Tests.TC_LoginNoOfUser" name="loginfromexcel" time="47.770"/>
  <testcase classname="finarya_Tests.TC_LoginNoOfUser" name="loginfromexcel" time="79.124"/>
  <testcase classname="finarya_Tests.TC_LoginNoOfUser" name="loginfromexcel" time="32.986"/>
  <testcase classname="finarya_Tests.TC_LoginNoOfUser" name="loginfromexcel" time="35.965"/>
  <testcase classname="finarya_Tests.TC_LoginNoOfUser" name="loginfromexcel" time="144.687"/>
  <testcase classname="finarya_Tests.TC_LoginNoOfUser" name="loginfromexcel" time="43.128"/>
  <testcase classname="finarya_Tests.TC_LoginNoOfUser" name="loginfromexcel" time="30.086"/>
</testsuite> <!-- finarya_Tests.TC_LoginNoOfUser -->
