<?xml version="1.0" encoding="UTF-8"?>
<!-- Generated by org.testng.reporters.JUnitReportReporter -->
<testsuite hostname="DESKTOP-FKC5SNO" failures="0" tests="2" name="finarya_Tests.TC35_ListAudit" time="129.964" errors="0" timestamp="18 Apr 2022 08:25:34 GMT" skipped="0">
  <testcase classname="finarya_Tests.TC35_ListAudit" name="validLogin" time="36.059"/>
  <testcase classname="finarya_Tests.TC35_ListAudit" name="listaudit" time="93.905"/>
</testsuite> <!-- finarya_Tests.TC35_ListAudit -->
