<?xml version="1.0" encoding="UTF-8"?>
<!-- Generated by org.testng.reporters.JUnitReportReporter -->
<testsuite hostname="DESKTOP-FKC5SNO" failures="0" tests="2" name="finarya_Tests.TC4_DeleteDepartment" time="32.532" errors="0" timestamp="19 Mar 2022 08:03:41 GMT" skipped="0">
  <testcase classname="finarya_Tests.TC4_DeleteDepartment" name="validLogin" time="4.851"/>
  <testcase classname="finarya_Tests.TC4_DeleteDepartment" name="deletedepartment" time="27.681"/>
</testsuite> <!-- finarya_Tests.TC4_DeleteDepartment -->
