<?xml version="1.0" encoding="UTF-8"?>
<!-- Generated by org.testng.reporters.JUnitReportReporter -->
<testsuite hostname="DESKTOP-FKC5SNO" failures="0" tests="3" name="finarya_Tests.TC08_UpdateViewProduct" time="77.157" errors="0" timestamp="09 May 2022 09:56:11 GMT" skipped="0">
  <testcase classname="finarya_Tests.TC08_UpdateViewProduct" name="validLogin" time="2.523"/>
  <testcase classname="finarya_Tests.TC08_UpdateViewProduct" name="productlist" time="2.619"/>
  <testcase classname="finarya_Tests.TC08_UpdateViewProduct" name="listofproduct" time="72.015"/>
</testsuite> <!-- finarya_Tests.TC08_UpdateViewProduct -->
