<?xml version="1.0" encoding="UTF-8"?>
<!-- Generated by org.testng.reporters.JUnitReportReporter -->
<testsuite hostname="DESKTOP-FKC5SNO" failures="0" tests="2" name="finarya_Tests.TC37_AuditorWorkbench" time="28.784" errors="0" timestamp="09 May 2022 10:14:49 GMT" skipped="0">
  <testcase classname="finarya_Tests.TC37_AuditorWorkbench" name="validLogin" time="5.520"/>
  <testcase classname="finarya_Tests.TC37_AuditorWorkbench" name="auditeeworkbench" time="23.264"/>
</testsuite> <!-- finarya_Tests.TC37_AuditorWorkbench -->
