<?xml version="1.0" encoding="UTF-8"?>
<!-- Generated by org.testng.reporters.JUnitReportReporter -->
<testsuite hostname="DESKTOP-FKC5SNO" failures="0" tests="2" name="finarya_Tests.TC2_CreateViewDepartmentExcel" time="59.009" errors="0" timestamp="16 Mar 2022 11:49:31 GMT" skipped="0">
  <testcase classname="finarya_Tests.TC2_CreateViewDepartmentExcel" name="validLogin" time="25.740"/>
  <testcase classname="finarya_Tests.TC2_CreateViewDepartmentExcel" name="Department" time="33.269"/>
</testsuite> <!-- finarya_Tests.TC2_CreateViewDepartmentExcel -->
