<?xml version="1.0" encoding="UTF-8"?>
<!-- Generated by org.testng.reporters.JUnitReportReporter -->
<testsuite hostname="DESKTOP-FKC5SNO" failures="0" tests="2" name="finarya_Tests.TC45_ListRCA" time="135.293" errors="0" timestamp="18 Apr 2022 10:30:44 GMT" skipped="0">
  <testcase classname="finarya_Tests.TC45_ListRCA" name="validLogin" time="47.139"/>
  <testcase classname="finarya_Tests.TC45_ListRCA" name="listRCA" time="88.154"/>
</testsuite> <!-- finarya_Tests.TC45_ListRCA -->
