<?xml version="1.0" encoding="UTF-8"?>
<!-- Generated by org.testng.reporters.JUnitReportReporter -->
<testsuite hostname="DESKTOP-FKC5SNO" failures="0" tests="5" name="finarya_Tests.TC07_CreateViewProduct" time="16.150" errors="0" timestamp="09 May 2022 09:53:44 GMT" skipped="0">
  <testcase classname="finarya_Tests.TC07_CreateViewProduct" name="validLogin" time="1.643"/>
  <testcase classname="finarya_Tests.TC07_CreateViewProduct" name="CreateProClick" time="2.106"/>
  <testcase classname="finarya_Tests.TC07_CreateViewProduct" name="Department" time="3.987"/>
  <testcase classname="finarya_Tests.TC07_CreateViewProduct" name="Department" time="4.050"/>
  <testcase classname="finarya_Tests.TC07_CreateViewProduct" name="Department" time="4.364"/>
</testsuite> <!-- finarya_Tests.TC07_CreateViewProduct -->
